Line 65: Property Picture in goldmet could not be set.
Line 74: Property Picture in goldmet could not be set.
Line 83: Property Picture in goldmet could not be set.
Line 92: Property Picture in bluemet could not be set.
Line 101: Property Picture in bluemet could not be set.
Line 110: Property Picture in bluemet could not be set.
Line 137: Property Picture in orangemet could not be set.
Line 146: Property Picture in greymet could not be set.
Line 155: Property Picture in greymet could not be set.
Line 164: Property Picture in greymet could not be set.
Line 173: Property Picture in redmet could not be set.
Line 182: Property Picture in redmet could not be set.
Line 191: Property Picture in redmet could not be set.
Line 200: Property Picture in grmet could not be set.
Line 209: Property Picture in grmet could not be set.
Line 218: Property Picture in grmet could not be set.
Line 227: Property Picture in master could not be set.
Line 236: Property Picture in master could not be set.
Line 245: Property Picture in blank could not be set.
Line 253: Property Picture in master could not be set.
Line 262: Property Picture in img could not be set.
