Line 162: Class prjTouchScreen.MyButton of control cmdClose was not a loaded control class.
Line 200: Class prjTouchScreen.MyButton of control cmdExport was not a loaded control class.
Line 239: Class CRVIEWERLibCtl.CRViewer of control crvReport was not a loaded control class.
Line 168: The property name _ExtentX in cmdClose is invalid.
Line 169: The property name _ExtentY in cmdClose is invalid.
Line 170: The property name BTYPE in cmdClose is invalid.
Line 171: The property name TX in cmdClose is invalid.
Line 172: The property name ENAB in cmdClose is invalid.
Line 182: The property name COLTYPE in cmdClose is invalid.
Line 183: The property name FOCUSR in cmdClose is invalid.
Line 184: The property name BCOL in cmdClose is invalid.
Line 185: The property name BCOLO in cmdClose is invalid.
Line 186: The property name FCOL in cmdClose is invalid.
Line 187: The property name FCOLO in cmdClose is invalid.
Line 188: The property name MCOL in cmdClose is invalid.
Line 189: The property name MPTR in cmdClose is invalid.
Line 190: The property name MICON in cmdClose is invalid.
Line 191: The property name UMCOL in cmdClose is invalid.
Line 192: The property name SOFT in cmdClose is invalid.
Line 193: The property name PICPOS in cmdClose is invalid.
Line 194: The property name NGREY in cmdClose is invalid.
Line 195: The property name FX in cmdClose is invalid.
Line 196: The property name HAND in cmdClose is invalid.
Line 197: The property name CHECK in cmdClose is invalid.
Line 198: The property name Value in cmdClose is invalid.
Line 206: The property name _ExtentX in cmdExport is invalid.
Line 207: The property name _ExtentY in cmdExport is invalid.
Line 208: The property name BTYPE in cmdExport is invalid.
Line 209: The property name TX in cmdExport is invalid.
Line 210: The property name ENAB in cmdExport is invalid.
Line 220: The property name COLTYPE in cmdExport is invalid.
Line 221: The property name FOCUSR in cmdExport is invalid.
Line 222: The property name BCOL in cmdExport is invalid.
Line 223: The property name BCOLO in cmdExport is invalid.
Line 224: The property name FCOL in cmdExport is invalid.
Line 225: The property name FCOLO in cmdExport is invalid.
Line 226: The property name MCOL in cmdExport is invalid.
Line 227: The property name MPTR in cmdExport is invalid.
Line 228: The property name MICON in cmdExport is invalid.
Line 229: The property name UMCOL in cmdExport is invalid.
Line 230: The property name SOFT in cmdExport is invalid.
Line 231: The property name PICPOS in cmdExport is invalid.
Line 232: The property name NGREY in cmdExport is invalid.
Line 233: The property name FX in cmdExport is invalid.
Line 234: The property name HAND in cmdExport is invalid.
Line 235: The property name CHECK in cmdExport is invalid.
Line 236: The property name Value in cmdExport is invalid.
Line 247: The property name DisplayGroupTree in crvReport is invalid.
Line 248: The property name DisplayToolbar in crvReport is invalid.
Line 249: The property name EnableGroupTree in crvReport is invalid.
Line 250: The property name EnableNavigationControls in crvReport is invalid.
Line 251: The property name EnableStopButton in crvReport is invalid.
Line 252: The property name EnablePrintButton in crvReport is invalid.
Line 253: The property name EnableZoomControl in crvReport is invalid.
Line 254: The property name EnableCloseButton in crvReport is invalid.
Line 255: The property name EnableProgressControl in crvReport is invalid.
Line 256: The property name EnableSearchControl in crvReport is invalid.
Line 257: The property name EnableRefreshButton in crvReport is invalid.
Line 258: The property name EnableDrillDown in crvReport is invalid.
Line 259: The property name EnableAnimationControl in crvReport is invalid.
Line 260: The property name EnableSelectExpertButton in crvReport is invalid.
Line 261: The property name EnableToolbar in crvReport is invalid.
Line 262: The property name DisplayBorder in crvReport is invalid.
Line 263: The property name DisplayTabs in crvReport is invalid.
Line 264: The property name DisplayBackgroundEdge in crvReport is invalid.
Line 265: The property name SelectionFormula in crvReport is invalid.
Line 266: The property name EnablePopupMenu in crvReport is invalid.
Line 267: The property name EnableExportButton in crvReport is invalid.
Line 268: The property name EnableSearchExpertButton in crvReport is invalid.
Line 269: The property name EnableHelpButton in crvReport is invalid.
