Line 29: Class prjVAT.MyButton of control cmdUpload was not a loaded control class.
Line 67: Class prjVAT.MyButton of control MyButton1 was not a loaded control class.
Line 35: The property name _ExtentX in cmdUpload is invalid.
Line 36: The property name _ExtentY in cmdUpload is invalid.
Line 37: The property name BTYPE in cmdUpload is invalid.
Line 38: The property name TX in cmdUpload is invalid.
Line 39: The property name ENAB in cmdUpload is invalid.
Line 49: The property name COLTYPE in cmdUpload is invalid.
Line 50: The property name FOCUSR in cmdUpload is invalid.
Line 51: The property name BCOL in cmdUpload is invalid.
Line 52: The property name BCOLO in cmdUpload is invalid.
Line 53: The property name FCOL in cmdUpload is invalid.
Line 54: The property name FCOLO in cmdUpload is invalid.
Line 55: The property name MCOL in cmdUpload is invalid.
Line 56: The property name MPTR in cmdUpload is invalid.
Line 57: The property name MICON in cmdUpload is invalid.
Line 58: The property name UMCOL in cmdUpload is invalid.
Line 59: The property name SOFT in cmdUpload is invalid.
Line 60: The property name PICPOS in cmdUpload is invalid.
Line 61: The property name NGREY in cmdUpload is invalid.
Line 62: The property name FX in cmdUpload is invalid.
Line 63: The property name HAND in cmdUpload is invalid.
Line 64: The property name CHECK in cmdUpload is invalid.
Line 65: The property name Value in cmdUpload is invalid.
Line 73: The property name _ExtentX in MyButton1 is invalid.
Line 74: The property name _ExtentY in MyButton1 is invalid.
Line 75: The property name BTYPE in MyButton1 is invalid.
Line 76: The property name TX in MyButton1 is invalid.
Line 77: The property name ENAB in MyButton1 is invalid.
Line 87: The property name COLTYPE in MyButton1 is invalid.
Line 88: The property name FOCUSR in MyButton1 is invalid.
Line 89: The property name BCOL in MyButton1 is invalid.
Line 90: The property name BCOLO in MyButton1 is invalid.
Line 91: The property name FCOL in MyButton1 is invalid.
Line 92: The property name FCOLO in MyButton1 is invalid.
Line 93: The property name MCOL in MyButton1 is invalid.
Line 94: The property name MPTR in MyButton1 is invalid.
Line 95: The property name MICON in MyButton1 is invalid.
Line 96: The property name UMCOL in MyButton1 is invalid.
Line 97: The property name SOFT in MyButton1 is invalid.
Line 98: The property name PICPOS in MyButton1 is invalid.
Line 99: The property name NGREY in MyButton1 is invalid.
Line 100: The property name FX in MyButton1 is invalid.
Line 101: The property name HAND in MyButton1 is invalid.
Line 102: The property name CHECK in MyButton1 is invalid.
Line 103: The property name Value in MyButton1 is invalid.
